Arguments: 
  C:\Program Files\nodejs\node.exe C:\Program Files (x86)\Yarn\bin\yarn.js

PATH: 
  C:\Program Files\ImageMagick-7.0.10-Q16;C:\Program Files\Python36\;C:\Program Files\Python36\Scripts\;C:\Program Files\Python27\;C:\Program Files\Python27\Scripts;C:\Program Files (x86)\Common Files\Oracle\Java\javapath;C:\Program Files (x86)\Intel\iCLS Client\;C:\Program Files\Intel\iCLS Client\;C:\Windows\system32;C:\Windows;C:\Windows\System32\Wbem;C:\Windows\System32\WindowsPowerShell\v1.0\;C:\Program Files (x86)\Intel\Intel(R) Management Engine Components\DAL;C:\Program Files\Intel\Intel(R) Management Engine Components\DAL;C:\Program Files (x86)\Intel\Intel(R) Management Engine Components\IPT;C:\Program Files\Intel\Intel(R) Management Engine Components\IPT;C:\Program Files\nodejs\;C:\Program Files (x86)\Yarn\bin\;C:\Users\Anyanwu Chibuzo\AppData\Local\Android\Sdk\platform-tools;C:\Program Files\Java\jre1.8.0_201;C:\Program Files\Java\jdk1.8.0_201;C:\Program Files\Microsoft VS Code\bin;c:\users\anyanwu chibuzo\appdata\roaming\python\python36\site-packages;C:\Program Files (x86)\Google\Cloud SDK\google-cloud-sdk\bin;C:\HashiCorp\Vagrant\bin;C:\Program Files\Git\cmd;C:\Users\Anyanwu Chibuzo\AppData\Local\Programs\Python\Python37-32\Scripts\;C:\Users\Anyanwu Chibuzo\AppData\Local\Programs\Python\Python37-32\;C:\Users\Anyanwu Chibuzo\AppData\Local\Microsoft\WindowsApps;C:\Users\Anyanwu Chibuzo\AppData\Roaming\npm;C:\Users\Anyanwu Chibuzo\AppData\Local\Yarn\bin;C:\Users\Anyanwu Chibuzo\AppData\Roaming\Python\Python36\Scripts;C:\Program Files\heroku\bin;C:\Program Files\MongoDB\Server\4.2\bin;C:\Program Files\PostgreSQL\12\bin;

Yarn version: 
  1.13.0

Node version: 
  10.15.3

Platform: 
  win32 x64

Trace: 
  SyntaxError: C:\projects\Udacity Frontend dev\fend-webpack-sass\package.json: Unexpected token } in JSON at position 1031
      at JSON.parse (<anonymous>)
      at C:\Program Files (x86)\Yarn\lib\cli.js:1625:59
      at Generator.next (<anonymous>)
      at step (C:\Program Files (x86)\Yarn\lib\cli.js:304:30)
      at C:\Program Files (x86)\Yarn\lib\cli.js:315:13

npm manifest: 
  {
    "name": "example-project",
    "version": "1.0.0",
    "main": "index.js",
    "scripts": {
      "test": "echo \"Error: no test specified\" && exit 1",
      "start": "node src/server/index.js",
      "build-prod": "webpack --config webpack.prod.js",
      "build-dev": "webpack-dev-server  --config webpack.dev.js --open"
    },
    "keywords": [],
    "author": "",
    "license": "ISC",
    "description": "",
    "dependencies": {
      "body-parser": "^1.19.0",
      "cors": "^2.8.5",
      "express": "^4.17.1",
      "webpack": "^4.35.3",
      "webpack-cli": "^3.3.5"
    },
    "devDependencies": {
      "@babel/core": "^7.10.2",
      "@babel/preset-env": "^7.10.2",
      "babel-loader": "^8.1.0",
      "clean-webpack-plugin": "^3.0.0",
      "css-loader": "^3.6.0",
      "html-webpack-plugin": "^3.2.0",
      "node-sass": "^4.14.1",
      "sass-loader": "^7.3.1",
      "style-loader": "^0.23.1",
      "webpack-dev-server": "^3.7.2",
      "mini-css-extract-plugin": "^0.9.0",
      "terser-webpack-plugin": "^1.3.0",
      "optimize-css-assets-webpack-plugin": "^5.0.3",
    }
  }

yarn manifest: 
  No manifest

Lockfile: 
  No lockfile
